<?xml version="1.0" encoding="UTF-8"?>
<!-- Generated by org.testng.reporters.JUnitXMLReporter -->
<testsuite ignored="0" hostname="KGBPA" failures="0" tests="9" name="Default test" time="9.041" errors="0" timestamp="06 Jul 2024 07:28:49 GMT">
  <testcase classname="com.swaggerpojo.SwaggerDoc" name="login" time="2.74"/>
  <testcase classname="com.swaggerpojo.SwaggerDoc" name="addAddress" time="0.833"/>
  <testcase classname="com.swaggerpojo.SwaggerDoc" name="updateAddress" time="0.704"/>
  <testcase classname="com.swaggerpojo.SwaggerDoc" name="getUserAddress" time="0.853"/>
  <testcase classname="com.swaggerpojo.SwaggerDoc" name="deleteAddress" time="0.631"/>
  <testcase classname="com.swaggerpojo.SwaggerDoc" name="searchProduct" time="0.683"/>
  <testcase classname="com.swaggerpojo.SwaggerDoc" name="stateList" time="0.733"/>
  <testcase classname="com.swaggerpojo.SwaggerDoc" name="cityList" time="1.006"/>
  <testcase classname="com.swaggerpojo.SwaggerDoc" name="changeProfilePic" time="0.825"/>
</testsuite> <!-- Default test -->
